<?xml version="1.0" encoding="UTF-8" ?>
<testsuite errors="1" failures="0" hostname="BLTNJALLA45582" name="com.ibatis.jpetstore.domain.BeanTest" skipped="0" tests="1" time="0.0" timestamp="2016-01-27T10:01:04">
  <properties>
    <property name="java.vendor" value="Oracle Corporation" />
    <property name="sun.java.launcher" value="SUN_STANDARD" />
    <property name="sun.management.compiler" value="HotSpot 64-Bit Tiered Compilers" />
    <property name="lib" value="../lib" />
    <property name="os.name" value="Windows 7" />
    <property name="sun.boot.class.path" value="C:\Program Files\Java\jdk1.8.0_65\jre\lib\resources.jar;C:\Program Files\Java\jdk1.8.0_65\jre\lib\rt.jar;C:\Program Files\Java\jdk1.8.0_65\jre\lib\sunrsasign.jar;C:\Program Files\Java\jdk1.8.0_65\jre\lib\jsse.jar;C:\Program Files\Java\jdk1.8.0_65\jre\lib\jce.jar;C:\Program Files\Java\jdk1.8.0_65\jre\lib\charsets.jar;C:\Program Files\Java\jdk1.8.0_65\jre\lib\jfr.jar;C:\Program Files\Java\jdk1.8.0_65\jre\classes" />
    <property name="sun.desktop" value="windows" />
    <property name="java.vm.specification.vendor" value="Oracle Corporation" />
    <property name="ant.home" value="D:\BuildTools\apache-ant-1.9.6" />
    <property name="java.runtime.version" value="1.8.0_65-b17" />
    <property name="weblib" value="webapp/WEB-INF/lib/" />
    <property name="user.name" value="njalla" />
    <property name="ant.file.JPetStore" value="D:\JPetstore source code\JPetStore-5.0\build\build.xml" />
    <property name="reports" value="reports" />
    <property name="instrumentedclasses" value="work/instrumentedclasses/" />
    <property name="user.language" value="en" />
    <property name="sun.boot.library.path" value="C:\Program Files\Java\jdk1.8.0_65\jre\bin" />
    <property name="webclasses" value="webapp/WEB-INF/classes/" />
    <property name="ant.project.default-target" value="all" />
    <property name="ant.project.name" value="JPetStore" />
    <property name="junitreports" value="reports/junit/" />
    <property name="java.version" value="1.8.0_65" />
    <property name="classes" value="work/classes/" />
    <property name="user.timezone" value="" />
    <property name="webapp" value="webapp" />
    <property name="sun.arch.data.model" value="64" />
    <property name="java.endorsed.dirs" value="C:\Program Files\Java\jdk1.8.0_65\jre\lib\endorsed" />
    <property name="sun.cpu.isalist" value="amd64" />
    <property name="sun.jnu.encoding" value="Cp1252" />
    <property name="file.encoding.pkg" value="sun.io" />
    <property name="file.separator" value="\" />
    <property name="java.specification.name" value="Java Platform API Specification" />
    <property name="web" value="../web" />
    <property name="java.class.version" value="52.0" />
    <property name="src" value="../src" />
    <property name="user.country" value="US" />
    <property name="ant.file.type.JPetStore" value="file" />
    <property name="java.home" value="C:\Program Files\Java\jdk1.8.0_65\jre" />
    <property name="java.vm.info" value="mixed mode" />
    <property name="ant.file" value="D:\JPetstore source code\JPetStore-5.0\build\build.xml" />
    <property name="os.version" value="6.1" />
    <property name="path.separator" value=";" />
    <property name="java.vm.version" value="25.65-b01" />
    <property name="user.variant" value="" />
    <property name="ant.library.dir" value="D:\BuildTools\apache-ant-1.9.6\lib" />
    <property name="java.awt.printerjob" value="sun.awt.windows.WPrinterJob" />
    <property name="sun.io.unicode.encoding" value="UnicodeLittle" />
    <property name="awt.toolkit" value="sun.awt.windows.WToolkit" />
    <property name="sun.stdout.encoding" value="cp437" />
    <property name="testclasses" value="work/testclasses/" />
    <property name="user.script" value="" />
    <property name="work" value="work" />
    <property name="user.home" value="C:\Users\njalla" />
    <property name="java.specification.vendor" value="Oracle Corporation" />
    <property name="test" value="../test" />
    <property name="java.library.path" value="C:\Program Files\Java\jdk1.8.0_65\bin;C:\Windows\Sun\Java\bin;C:\Windows\system32;C:\Windows;C:\Windows\SYSTEM32;C:\Windows;C:\Windows\SYSTEM32\WBEM;C:\Windows\SYSTEM32\WINDOWSPOWERSHELL\V1.0\;c:\Program Files\Intel\WiFi\bin\;c:\Program Files\Common Files\Intel\WirelessCommon\;C:\Program Files\VisualSVN Server\bin;C:\Program Files\TortoiseSVN\bin;C:\Program Files\Git\cmd;C:\Program Files\Intel\WiFi\bin\;C:\Program Files\Common Files\Intel\WirelessCommon\;C:\Program Files\Java\jdk1.8.0_65\bin;D:\BuildTools\apache-maven-3.3.9\bin;D:\BuildTools\apache-ant-1.9.6\bin;C:\Users\njalla\AppData\Local\Apps\cURL\bin;." />
    <property name="java.vendor.url" value="http://java.oracle.com/" />
    <property name="java.vm.vendor" value="Oracle Corporation" />
    <property name="java.runtime.name" value="Java(TM) SE Runtime Environment" />
    <property name="sun.java.command" value="org.apache.tools.ant.launch.Launcher" />
    <property name="java.class.path" value="D:\BuildTools\apache-ant-1.9.6\lib\ant-launcher.jar;D:\BuildTools\apache-ant-1.9.6\lib\ant-antlr.jar;D:\BuildTools\apache-ant-1.9.6\lib\ant-apache-bcel.jar;D:\BuildTools\apache-ant-1.9.6\lib\ant-apache-bsf.jar;D:\BuildTools\apache-ant-1.9.6\lib\ant-apache-log4j.jar;D:\BuildTools\apache-ant-1.9.6\lib\ant-apache-oro.jar;D:\BuildTools\apache-ant-1.9.6\lib\ant-apache-regexp.jar;D:\BuildTools\apache-ant-1.9.6\lib\ant-apache-resolver.jar;D:\BuildTools\apache-ant-1.9.6\lib\ant-apache-xalan2.jar;D:\BuildTools\apache-ant-1.9.6\lib\ant-commons-logging.jar;D:\BuildTools\apache-ant-1.9.6\lib\ant-commons-net.jar;D:\BuildTools\apache-ant-1.9.6\lib\ant-jai.jar;D:\BuildTools\apache-ant-1.9.6\lib\ant-javamail.jar;D:\BuildTools\apache-ant-1.9.6\lib\ant-jdepend.jar;D:\BuildTools\apache-ant-1.9.6\lib\ant-jmf.jar;D:\BuildTools\apache-ant-1.9.6\lib\ant-jsch.jar;D:\BuildTools\apache-ant-1.9.6\lib\ant-junit.jar;D:\BuildTools\apache-ant-1.9.6\lib\ant-junit4.jar;D:\BuildTools\apache-ant-1.9.6\lib\ant-launcher.jar;D:\BuildTools\apache-ant-1.9.6\lib\ant-netrexx.jar;D:\BuildTools\apache-ant-1.9.6\lib\ant-swing.jar;D:\BuildTools\apache-ant-1.9.6\lib\ant-testutil.jar;D:\BuildTools\apache-ant-1.9.6\lib\ant.jar;C:\Program Files\Java\jdk1.8.0_65\lib\tools.jar" />
    <property name="ant.version" value="Apache Ant(TM) version 1.9.6 compiled on June 29 2015" />
    <property name="devlib" value="../devlib" />
    <property name="java.vm.specification.name" value="Java Virtual Machine Specification" />
    <property name="ant.file.type" value="file" />
    <property name="java.vm.specification.version" value="1.8" />
    <property name="sun.cpu.endian" value="little" />
    <property name="warfile" value="wars/jpetstore.war" />
    <property name="sun.os.patch.level" value="Service Pack 1" />
    <property name="java.io.tmpdir" value="C:\Users\njalla\AppData\Local\Temp\" />
    <property name="java.vendor.url.bug" value="http://bugreport.sun.com/bugreport/" />
    <property name="os.arch" value="amd64" />
    <property name="java.awt.graphicsenv" value="sun.awt.Win32GraphicsEnvironment" />
    <property name="java.ext.dirs" value="C:\Program Files\Java\jdk1.8.0_65\jre\lib\ext;C:\Windows\Sun\Java\lib\ext" />
    <property name="user.dir" value="D:\JPetstore source code\JPetStore-5.0\build" />
    <property name="coveragereports" value="reports/coverage/" />
    <property name="line.separator" value="&#xd;&#xa;" />
    <property name="java.vm.name" value="Java HotSpot(TM) 64-Bit Server VM" />
    <property name="basedir" value="D:\JPetstore source code\JPetStore-5.0\build" />
    <property name="ant.java.version" value="1.8" />
    <property name="ant.core.lib" value="D:\BuildTools\apache-ant-1.9.6\lib\ant.jar" />
    <property name="file.encoding" value="Cp1252" />
    <property name="sun.stderr.encoding" value="cp437" />
    <property name="wars" value="wars" />
    <property name="java.specification.version" value="1.8" />
    <property name="ant.project.invoked-targets" value="all" />
  </properties>
  <testcase classname="com.ibatis.jpetstore.domain.BeanTest" name="unknown" time="0.0">
    <error message="Forked Java VM exited abnormally. Please note the time in the report does not reflect the time until the VM exit." type="junit.framework.AssertionFailedError">junit.framework.AssertionFailedError: Forked Java VM exited abnormally. Please note the time in the report does not reflect the time until the VM exit.
</error>
  </testcase>
</testsuite>
